{
  "RSpec": {
    "coverage": {
      "/home/yhalim/RubymineProjects/projectdirectory-selt_2024_team_007/app/controllers/application_controller.rb": {
        "lines": [
          1,
          null,
          1,
          null,
          1,
          1,
          1,
          null,
          1,
          0,
          null,
          null,
          1,
          49,
          null,
          46,
          46,
          null,
          null,
          1,
          2,
          null,
          null,
          1,
          97,
          97,
          null,
          97,
          97,
          null,
          97,
          1,
          1,
          1,
          1,
          1,
          null,
          96,
          96,
          null,
          null,
          null
        ]
      },
      "/home/yhalim/RubymineProjects/projectdirectory-selt_2024_team_007/app/controllers/friends_controller.rb": {
        "lines": [
          1,
          1,
          1,
          null,
          1,
          1,
          1,
          1,
          null,
          null,
          1,
          3,
          null,
          null,
          3,
          1,
          1,
          1,
          null,
          null,
          null,
          2,
          1,
          1,
          1,
          null,
          null,
          null,
          1,
          0,
          0,
          0,
          null,
          null,
          null,
          1,
          1,
          null,
          0,
          null,
          null,
          1,
          null,
          null,
          null,
          1,
          1,
          1,
          1,
          null,
          0,
          null,
          1,
          null,
          null,
          null,
          1,
          1,
          1,
          1,
          null,
          0,
          null,
          1,
          null,
          null,
          1,
          1,
          1,
          1,
          null,
          0,
          null,
          1,
          null,
          null,
          1,
          0,
          null,
          null,
          0,
          0,
          null,
          0,
          null,
          null,
          0,
          null,
          null,
          1,
          null,
          1,
          7,
          null,
          null
        ]
      },
      "/home/yhalim/RubymineProjects/projectdirectory-selt_2024_team_007/app/controllers/games_controller.rb": {
        "lines": [
          null,
          1,
          1,
          1,
          1,
          null,
          null,
          1,
          8,
          6,
          6,
          6,
          null,
          6,
          3,
          3,
          3,
          null,
          null,
          3,
          3,
          3,
          null,
          null,
          2,
          2,
          2,
          null,
          null,
          null,
          null,
          null,
          1,
          6,
          null,
          6,
          4,
          2,
          null,
          2,
          2,
          null,
          null,
          2,
          2,
          null,
          null,
          null,
          1,
          0,
          0,
          0,
          null,
          0,
          null,
          null,
          null,
          1,
          2,
          2,
          null,
          null,
          null,
          1,
          0,
          0,
          0,
          null,
          null,
          0,
          null,
          null,
          null,
          null,
          null,
          null,
          0,
          null,
          null,
          0,
          0,
          null,
          null,
          null,
          1,
          6,
          6,
          null,
          null,
          6,
          1,
          1,
          1,
          null,
          null,
          null,
          5,
          5,
          0,
          0,
          0,
          null,
          null,
          null,
          5,
          5,
          null,
          null,
          5,
          5,
          null,
          null,
          5,
          6,
          6,
          null,
          null,
          5,
          5,
          null,
          null,
          1,
          null,
          null,
          1,
          0,
          0,
          null,
          null,
          null,
          null,
          1,
          9,
          null,
          1,
          1,
          null,
          null,
          null,
          1,
          6,
          null,
          null,
          1,
          1,
          1,
          1,
          null,
          null,
          null
        ]
      },
      "/home/yhalim/RubymineProjects/projectdirectory-selt_2024_team_007/app/controllers/landing_controller.rb": {
        "lines": [
          1,
          1,
          5,
          5,
          null,
          null
        ]
      },
      "/home/yhalim/RubymineProjects/projectdirectory-selt_2024_team_007/app/controllers/settings_controller.rb": {
        "lines": [
          1,
          1,
          null,
          1,
          2,
          null,
          2,
          1,
          null,
          1,
          null,
          null,
          2,
          null,
          null,
          1,
          2,
          null,
          2,
          1,
          null,
          1,
          null,
          null,
          2,
          null,
          null,
          1,
          1,
          null,
          1,
          1,
          null,
          0,
          null,
          null,
          1,
          null,
          null,
          1,
          3,
          null,
          3,
          2,
          1,
          null,
          1,
          null,
          null,
          1,
          null,
          null,
          3,
          null,
          null,
          1,
          2,
          null,
          2,
          1,
          null,
          1,
          null,
          null,
          2,
          null,
          null,
          1,
          null,
          null,
          10,
          2,
          2,
          null,
          null,
          null,
          8,
          2,
          2,
          null,
          null,
          null,
          6,
          2,
          2,
          null,
          null,
          null,
          4,
          2,
          2,
          null,
          2,
          2,
          null,
          null,
          null,
          1,
          4,
          4,
          4,
          null,
          null,
          1,
          null,
          1,
          4,
          null,
          null,
          null
        ]
      },
      "/home/yhalim/RubymineProjects/projectdirectory-selt_2024_team_007/app/controllers/sessions_controller.rb": {
        "lines": [
          1,
          1,
          1,
          null,
          1,
          null,
          1,
          0,
          null,
          null,
          1,
          0,
          null,
          null,
          1,
          null,
          null,
          1,
          4,
          4,
          2,
          2,
          2,
          2,
          null,
          2,
          2,
          null,
          null,
          null,
          1,
          2,
          2,
          2,
          2,
          null,
          null,
          1,
          2,
          2,
          null,
          2,
          2,
          1,
          1,
          1,
          1,
          null,
          1,
          null,
          null,
          1,
          0,
          0,
          0,
          null,
          null,
          1,
          null,
          null,
          null,
          null
        ]
      },
      "/home/yhalim/RubymineProjects/projectdirectory-selt_2024_team_007/app/controllers/store_items_controller.rb": {
        "lines": [
          null,
          null,
          null,
          1,
          1,
          null,
          1,
          4,
          4,
          4,
          null,
          4,
          null,
          null,
          null,
          null,
          null,
          null,
          1,
          10,
          10,
          10,
          10,
          null,
          null,
          10,
          2,
          2,
          2,
          null,
          null,
          null,
          null,
          null,
          null,
          2,
          2,
          null,
          0,
          0,
          null,
          null,
          null,
          null,
          8,
          6,
          null,
          6,
          2,
          null,
          4,
          2,
          2,
          2,
          null,
          null,
          null,
          null,
          null,
          null,
          2,
          null,
          2,
          2,
          null,
          null,
          null,
          2,
          null,
          null,
          8,
          null,
          null,
          1,
          null,
          1,
          16,
          16,
          null,
          null,
          16,
          16,
          null,
          16,
          16,
          null,
          null,
          1,
          16,
          16,
          15,
          null,
          1,
          null,
          null,
          null,
          null,
          1,
          18,
          18,
          null,
          null,
          null
        ]
      },
      "/home/yhalim/RubymineProjects/projectdirectory-selt_2024_team_007/app/controllers/users_controller.rb": {
        "lines": [
          1,
          1,
          null,
          1,
          5,
          null,
          null,
          1,
          2,
          2,
          1,
          null,
          null,
          null,
          1,
          0,
          null,
          1,
          1,
          null,
          null,
          1,
          5,
          5,
          3,
          3,
          null,
          2,
          2,
          2,
          null,
          null,
          null,
          1,
          0,
          0,
          0,
          null,
          null,
          1,
          null,
          1,
          2,
          null,
          null
        ]
      },
      "/home/yhalim/RubymineProjects/projectdirectory-selt_2024_team_007/app/mailers/user_mailer.rb": {
        "lines": [
          1,
          1,
          null,
          1,
          1,
          1,
          null,
          null
        ]
      },
      "/home/yhalim/RubymineProjects/projectdirectory-selt_2024_team_007/app/mailers/application_mailer.rb": {
        "lines": [
          1,
          1,
          1,
          null
        ]
      },
      "/home/yhalim/RubymineProjects/projectdirectory-selt_2024_team_007/app/models/billing_method.rb": {
        "lines": [
          1,
          1,
          null,
          1,
          null,
          null,
          null,
          1,
          1,
          1,
          1,
          null,
          null,
          null,
          1,
          null,
          1,
          47,
          1,
          null,
          null,
          null
        ]
      },
      "/home/yhalim/RubymineProjects/projectdirectory-selt_2024_team_007/app/models/application_record.rb": {
        "lines": [
          1,
          1,
          null
        ]
      },
      "/home/yhalim/RubymineProjects/projectdirectory-selt_2024_team_007/app/models/friendship.rb": {
        "lines": [
          1,
          1,
          1,
          null,
          1,
          null,
          null,
          2,
          2,
          null
        ]
      },
      "/home/yhalim/RubymineProjects/projectdirectory-selt_2024_team_007/app/models/game.rb": {
        "lines": [
          1,
          1,
          1,
          null,
          1,
          1,
          1,
          null,
          null,
          1,
          1,
          null,
          null,
          null,
          null,
          null,
          null,
          1,
          1,
          null,
          null,
          1,
          1,
          null,
          1,
          0,
          null,
          null,
          1,
          null,
          1,
          65,
          null,
          null,
          1,
          65,
          null,
          65,
          0,
          0,
          null,
          null,
          65,
          65,
          0,
          null,
          null,
          null,
          1,
          56,
          56,
          392,
          2744,
          null,
          null,
          null,
          null,
          null,
          null,
          null,
          null,
          1,
          2744,
          null,
          null
        ]
      },
      "/home/yhalim/RubymineProjects/projectdirectory-selt_2024_team_007/app/models/game_user.rb": {
        "lines": [
          1,
          1,
          1,
          1,
          null,
          null,
          1,
          43,
          null,
          1,
          null,
          1,
          41,
          0,
          null,
          null,
          null
        ]
      },
      "/home/yhalim/RubymineProjects/projectdirectory-selt_2024_team_007/app/models/store_item.rb": {
        "lines": [
          1,
          null,
          null,
          null
        ]
      },
      "/home/yhalim/RubymineProjects/projectdirectory-selt_2024_team_007/app/models/tile.rb": {
        "lines": [
          1,
          1,
          1,
          null,
          null,
          1,
          null,
          null,
          1,
          1,
          null
        ]
      },
      "/home/yhalim/RubymineProjects/projectdirectory-selt_2024_team_007/app/models/user.rb": {
        "lines": [
          1,
          1,
          1,
          283,
          1,
          null,
          1,
          null,
          null,
          1,
          1,
          1,
          1,
          null,
          null,
          1,
          1,
          null,
          1,
          null,
          null,
          1,
          68,
          null,
          null,
          1,
          17,
          null,
          null,
          5,
          1,
          null,
          null,
          6,
          1,
          1,
          1,
          null,
          1,
          null,
          1,
          null,
          null,
          1,
          10,
          10,
          null,
          null,
          null,
          1,
          4,
          4,
          null,
          null,
          null,
          1,
          4,
          null,
          null,
          null,
          1,
          10,
          10,
          null,
          null,
          1,
          10,
          null,
          2,
          null,
          1,
          null,
          1,
          null,
          6,
          6,
          null,
          null,
          null,
          null,
          1,
          10,
          null,
          null,
          1,
          1,
          null,
          1,
          null,
          0,
          null,
          0,
          null,
          0,
          null,
          null,
          null,
          null,
          1,
          null,
          1,
          876,
          null,
          1,
          276,
          null,
          null,
          1,
          6,
          6,
          null,
          null,
          4,
          4,
          28,
          4,
          null,
          null,
          null,
          null,
          null,
          null,
          null,
          3,
          null,
          1,
          1,
          null,
          null,
          3,
          null,
          null,
          1,
          1,
          1,
          1,
          null
        ]
      },
      "/home/yhalim/RubymineProjects/projectdirectory-selt_2024_team_007/app/services/exchange_rate_service.rb": {
        "lines": [
          1,
          1,
          null,
          null,
          null,
          null,
          null,
          null,
          null,
          null,
          null,
          null,
          null,
          null,
          null,
          null,
          null,
          null,
          null,
          null,
          null,
          null,
          null,
          1,
          1,
          null,
          1,
          21,
          null,
          5,
          5,
          4,
          null,
          3,
          1,
          1,
          1,
          1,
          null,
          2,
          1,
          null,
          null,
          3,
          3,
          null,
          null
        ]
      },
      "/home/yhalim/RubymineProjects/projectdirectory-selt_2024_team_007/app/services/ip_location_service.rb": {
        "lines": [
          1,
          1,
          null,
          1,
          1,
          4,
          4,
          3,
          1,
          null,
          3,
          3,
          null,
          null,
          null,
          null,
          null,
          null,
          null,
          null,
          null,
          null,
          null,
          null,
          null,
          null,
          null,
          null,
          null
        ]
      },
      "/home/yhalim/RubymineProjects/projectdirectory-selt_2024_team_007/app/controllers/legal_compliance_controller.rb": {
        "lines": [
          1,
          1,
          null,
          1,
          1,
          null,
          null
        ]
      },
      "/home/yhalim/RubymineProjects/projectdirectory-selt_2024_team_007/app/models/order.rb": {
        "lines": [
          1,
          1,
          null
        ]
      },
      "/home/yhalim/RubymineProjects/projectdirectory-selt_2024_team_007/app/models/user_store_item.rb": {
        "lines": [
          1,
          null,
          null
        ]
      },
      "/home/yhalim/RubymineProjects/projectdirectory-selt_2024_team_007/app/controllers/password_resets_controller.rb": {
        "lines": [
          0,
          0,
          0,
          0,
          0,
          null,
          null,
          0,
          0,
          null,
          null,
          0,
          0,
          0,
          0,
          0,
          0,
          null,
          0,
          0,
          0,
          0,
          0,
          0,
          0,
          0,
          0,
          0,
          0,
          0,
          0,
          0,
          null,
          null,
          0,
          0,
          0,
          null,
          null,
          0,
          0,
          0,
          0,
          0,
          0,
          null,
          0,
          0,
          0,
          0,
          0,
          0,
          null,
          0,
          null,
          0,
          0,
          0,
          0,
          0,
          0,
          0,
          0,
          null,
          0,
          null,
          0,
          0,
          0,
          null,
          0,
          0,
          0,
          null,
          0,
          0,
          0,
          0,
          0,
          0,
          null,
          0,
          0,
          0,
          0,
          0,
          0,
          0
        ],
        "branches": {}
      },
      "/home/yhalim/RubymineProjects/projectdirectory-selt_2024_team_007/app/services/gpt_dm_service.rb": {
        "lines": [
          0,
          0,
          0,
          0,
          null,
          0,
          0,
          0,
          0,
          0,
          0,
          0,
          null,
          0,
          0,
          0,
          0,
          null,
          0,
          0,
          0,
          0,
          0,
          0,
          0,
          null,
          0,
          0,
          0,
          0,
          0,
          0
        ],
        "branches": {}
      }
    },
    "timestamp": 1734223404
  },
  "Cucumber Features": {
    "coverage": {
      "/home/yhalim/RubymineProjects/projectdirectory-selt_2024_team_007/app/models/user.rb": {
        "lines": [
          1,
          1,
          1,
          117,
          1,
          null,
          1,
          null,
          null,
          1,
          1,
          1,
          1,
          null,
          null,
          1,
          1,
          null,
          1,
          null,
          null,
          1,
          153,
          null,
          null,
          1,
          75,
          null,
          null,
          22,
          1,
          null,
          null,
          22,
          1,
          1,
          1,
          null,
          1,
          null,
          1,
          null,
          null,
          1,
          7,
          7,
          null,
          null,
          null,
          1,
          7,
          6,
          null,
          null,
          null,
          1,
          3,
          null,
          null,
          null,
          1,
          7,
          7,
          null,
          null,
          1,
          0,
          null,
          0,
          null,
          0,
          null,
          0,
          null,
          0,
          0,
          null,
          null,
          null,
          null,
          1,
          0,
          null,
          null,
          1,
          0,
          null,
          0,
          null,
          0,
          null,
          0,
          null,
          0,
          null,
          null,
          null,
          null,
          1,
          null,
          1,
          351,
          null,
          1,
          110,
          null,
          null,
          1,
          3,
          3,
          null,
          null,
          3,
          3,
          21,
          3,
          null,
          null,
          null,
          null,
          null,
          null,
          null,
          3,
          null,
          0,
          0,
          null,
          null,
          3,
          null,
          null,
          1,
          1,
          1,
          1,
          null
        ]
      },
      "/home/yhalim/RubymineProjects/projectdirectory-selt_2024_team_007/app/controllers/sessions_controller.rb": {
        "lines": [
          1,
          1,
          1,
          null,
          1,
          null,
          55,
          0,
          null,
          null,
          55,
          0,
          null,
          null,
          55,
          null,
          null,
          1,
          47,
          47,
          46,
          46,
          46,
          46,
          null,
          1,
          1,
          null,
          null,
          null,
          1,
          0,
          0,
          0,
          0,
          null,
          null,
          1,
          3,
          3,
          null,
          3,
          3,
          3,
          3,
          3,
          3,
          null,
          0,
          null,
          null,
          1,
          0,
          0,
          0,
          null,
          null,
          1,
          null,
          null,
          null,
          null
        ]
      },
      "/home/yhalim/RubymineProjects/projectdirectory-selt_2024_team_007/app/controllers/application_controller.rb": {
        "lines": [
          1,
          null,
          1,
          null,
          1,
          1,
          1,
          null,
          1,
          0,
          null,
          null,
          1,
          184,
          null,
          181,
          181,
          null,
          null,
          1,
          0,
          null,
          null,
          1,
          305,
          305,
          null,
          305,
          305,
          null,
          305,
          0,
          0,
          0,
          0,
          0,
          null,
          305,
          305,
          null,
          null,
          null
        ]
      },
      "/home/yhalim/RubymineProjects/projectdirectory-selt_2024_team_007/app/controllers/landing_controller.rb": {
        "lines": [
          1,
          1,
          91,
          91,
          null,
          null
        ]
      },
      "/home/yhalim/RubymineProjects/projectdirectory-selt_2024_team_007/app/models/game_user.rb": {
        "lines": [
          1,
          1,
          1,
          1,
          null,
          null,
          1,
          16,
          null,
          1,
          null,
          1,
          15,
          0,
          null,
          null,
          null
        ]
      },
      "/home/yhalim/RubymineProjects/projectdirectory-selt_2024_team_007/app/models/application_record.rb": {
        "lines": [
          1,
          1,
          null
        ]
      },
      "/home/yhalim/RubymineProjects/projectdirectory-selt_2024_team_007/app/models/game.rb": {
        "lines": [
          1,
          1,
          1,
          null,
          1,
          1,
          1,
          null,
          null,
          1,
          1,
          null,
          null,
          null,
          null,
          null,
          null,
          1,
          1,
          null,
          null,
          1,
          1,
          null,
          1,
          0,
          null,
          null,
          1,
          null,
          1,
          11,
          null,
          null,
          1,
          11,
          null,
          11,
          1,
          1,
          null,
          null,
          10,
          10,
          1,
          null,
          null,
          null,
          1,
          9,
          9,
          63,
          441,
          null,
          null,
          null,
          null,
          null,
          null,
          null,
          null,
          1,
          441,
          null,
          null
        ]
      },
      "/home/yhalim/RubymineProjects/projectdirectory-selt_2024_team_007/app/models/friendship.rb": {
        "lines": [
          1,
          1,
          1,
          null,
          1,
          null,
          null,
          1,
          1,
          null
        ]
      },
      "/home/yhalim/RubymineProjects/projectdirectory-selt_2024_team_007/app/models/billing_method.rb": {
        "lines": [
          1,
          1,
          null,
          1,
          null,
          null,
          null,
          1,
          1,
          1,
          1,
          null,
          null,
          null,
          1,
          null,
          1,
          7,
          0,
          null,
          null,
          null
        ]
      },
      "/home/yhalim/RubymineProjects/projectdirectory-selt_2024_team_007/app/controllers/settings_controller.rb": {
        "lines": [
          1,
          1,
          null,
          1,
          2,
          null,
          2,
          1,
          null,
          1,
          null,
          null,
          2,
          null,
          null,
          1,
          1,
          null,
          1,
          1,
          null,
          0,
          null,
          null,
          1,
          null,
          null,
          1,
          1,
          null,
          1,
          1,
          null,
          0,
          null,
          null,
          1,
          null,
          null,
          1,
          1,
          null,
          1,
          1,
          1,
          null,
          0,
          null,
          null,
          0,
          null,
          null,
          1,
          null,
          null,
          1,
          2,
          null,
          2,
          1,
          null,
          1,
          null,
          null,
          2,
          null,
          null,
          1,
          null,
          null,
          3,
          0,
          0,
          null,
          null,
          null,
          3,
          1,
          1,
          null,
          null,
          null,
          2,
          1,
          1,
          null,
          null,
          null,
          1,
          1,
          1,
          null,
          0,
          0,
          null,
          null,
          null,
          1,
          24,
          24,
          24,
          null,
          null,
          1,
          null,
          1,
          3,
          null,
          null,
          null
        ]
      },
      "/home/yhalim/RubymineProjects/projectdirectory-selt_2024_team_007/app/models/order.rb": {
        "lines": [
          1,
          1,
          null
        ]
      },
      "/home/yhalim/RubymineProjects/projectdirectory-selt_2024_team_007/app/controllers/users_controller.rb": {
        "lines": [
          1,
          1,
          null,
          1,
          2,
          null,
          null,
          1,
          0,
          0,
          0,
          null,
          null,
          null,
          1,
          0,
          null,
          1,
          2,
          null,
          null,
          1,
          2,
          2,
          1,
          1,
          null,
          1,
          1,
          1,
          null,
          null,
          null,
          1,
          0,
          0,
          0,
          null,
          null,
          1,
          null,
          1,
          0,
          null,
          null
        ]
      },
      "/home/yhalim/RubymineProjects/projectdirectory-selt_2024_team_007/app/controllers/games_controller.rb": {
        "lines": [
          null,
          1,
          1,
          1,
          1,
          null,
          null,
          1,
          9,
          8,
          8,
          8,
          null,
          8,
          6,
          6,
          6,
          null,
          null,
          2,
          2,
          2,
          null,
          null,
          1,
          1,
          1,
          null,
          null,
          null,
          null,
          null,
          1,
          5,
          null,
          5,
          2,
          0,
          null,
          2,
          2,
          null,
          null,
          3,
          3,
          null,
          null,
          null,
          1,
          0,
          0,
          0,
          null,
          0,
          null,
          null,
          null,
          1,
          8,
          8,
          null,
          null,
          null,
          1,
          0,
          0,
          0,
          null,
          null,
          0,
          null,
          null,
          null,
          null,
          null,
          null,
          0,
          null,
          null,
          0,
          0,
          null,
          null,
          null,
          1,
          5,
          5,
          null,
          null,
          5,
          1,
          1,
          1,
          null,
          null,
          null,
          4,
          4,
          1,
          1,
          1,
          null,
          null,
          null,
          3,
          3,
          null,
          null,
          3,
          3,
          null,
          null,
          3,
          7,
          7,
          null,
          null,
          3,
          3,
          null,
          null,
          1,
          null,
          null,
          1,
          0,
          0,
          null,
          null,
          null,
          null,
          1,
          13,
          null,
          0,
          0,
          null,
          null,
          null,
          1,
          8,
          null,
          null,
          1,
          0,
          0,
          0,
          null,
          null,
          null
        ]
      },
      "/home/yhalim/RubymineProjects/projectdirectory-selt_2024_team_007/app/models/tile.rb": {
        "lines": [
          1,
          1,
          1,
          null,
          null,
          1,
          null,
          null,
          1,
          1,
          null
        ]
      },
      "/home/yhalim/RubymineProjects/projectdirectory-selt_2024_team_007/app/controllers/store_items_controller.rb": {
        "lines": [
          null,
          null,
          null,
          1,
          1,
          null,
          1,
          5,
          5,
          5,
          null,
          5,
          null,
          null,
          null,
          null,
          null,
          null,
          1,
          0,
          0,
          0,
          0,
          null,
          null,
          0,
          0,
          0,
          0,
          null,
          null,
          null,
          null,
          null,
          null,
          0,
          0,
          null,
          0,
          0,
          null,
          null,
          null,
          null,
          0,
          0,
          null,
          0,
          0,
          null,
          0,
          0,
          0,
          0,
          null,
          null,
          null,
          null,
          null,
          null,
          0,
          null,
          0,
          0,
          null,
          null,
          null,
          0,
          null,
          null,
          0,
          null,
          null,
          1,
          null,
          1,
          5,
          5,
          null,
          null,
          5,
          5,
          null,
          5,
          5,
          null,
          null,
          1,
          5,
          5,
          4,
          null,
          1,
          null,
          null,
          null,
          null,
          1,
          5,
          5,
          null,
          null,
          null
        ]
      },
      "/home/yhalim/RubymineProjects/projectdirectory-selt_2024_team_007/app/services/ip_location_service.rb": {
        "lines": [
          1,
          1,
          null,
          1,
          1,
          5,
          5,
          5,
          5,
          null,
          0,
          0,
          null,
          null,
          null,
          null,
          null,
          null,
          null,
          null,
          null,
          null,
          null,
          null,
          null,
          null,
          null,
          null,
          null
        ]
      },
      "/home/yhalim/RubymineProjects/projectdirectory-selt_2024_team_007/app/services/exchange_rate_service.rb": {
        "lines": [
          1,
          1,
          null,
          null,
          null,
          null,
          null,
          null,
          null,
          null,
          null,
          null,
          null,
          null,
          null,
          null,
          null,
          null,
          null,
          null,
          null,
          null,
          null,
          1,
          1,
          null,
          1,
          5,
          null,
          1,
          1,
          1,
          null,
          1,
          1,
          1,
          1,
          1,
          null,
          0,
          0,
          null,
          null,
          0,
          0,
          null,
          null
        ]
      },
      "/home/yhalim/RubymineProjects/projectdirectory-selt_2024_team_007/app/models/store_item.rb": {
        "lines": [
          1,
          null,
          null,
          null
        ]
      },
      "/home/yhalim/RubymineProjects/projectdirectory-selt_2024_team_007/app/controllers/password_resets_controller.rb": {
        "lines": [
          1,
          1,
          1,
          1,
          1,
          null,
          null,
          1,
          null,
          null,
          null,
          1,
          2,
          0,
          0,
          null,
          2,
          null,
          2,
          1,
          null,
          1,
          1,
          null,
          0,
          null,
          1,
          null,
          1,
          1,
          null,
          null,
          null,
          null,
          1,
          3,
          null,
          null,
          null,
          1,
          3,
          0,
          0,
          0,
          null,
          null,
          3,
          1,
          1,
          1,
          1,
          2,
          null,
          2,
          null,
          2,
          2,
          null,
          0,
          0,
          0,
          null,
          null,
          null,
          1,
          null,
          1,
          2,
          null,
          null,
          1,
          7,
          null,
          null,
          1,
          7,
          1,
          1,
          null,
          null,
          null,
          1,
          3,
          0,
          0,
          null,
          null,
          null
        ]
      },
      "/home/yhalim/RubymineProjects/projectdirectory-selt_2024_team_007/app/mailers/user_mailer.rb": {
        "lines": [
          1,
          1,
          null,
          1,
          1,
          1,
          null,
          null
        ]
      },
      "/home/yhalim/RubymineProjects/projectdirectory-selt_2024_team_007/app/mailers/application_mailer.rb": {
        "lines": [
          1,
          1,
          1,
          null
        ]
      },
      "/home/yhalim/RubymineProjects/projectdirectory-selt_2024_team_007/app/controllers/friends_controller.rb": {
        "lines": [
          1,
          1,
          1,
          null,
          1,
          17,
          17,
          17,
          null,
          null,
          1,
          4,
          null,
          null,
          4,
          1,
          1,
          1,
          null,
          null,
          null,
          3,
          1,
          1,
          1,
          null,
          null,
          null,
          2,
          0,
          0,
          0,
          null,
          null,
          null,
          2,
          2,
          null,
          0,
          null,
          null,
          2,
          null,
          null,
          null,
          1,
          1,
          1,
          1,
          null,
          0,
          null,
          1,
          null,
          null,
          null,
          1,
          1,
          1,
          1,
          null,
          0,
          null,
          1,
          null,
          null,
          1,
          1,
          1,
          1,
          null,
          0,
          null,
          1,
          null,
          null,
          1,
          0,
          null,
          null,
          0,
          0,
          null,
          0,
          null,
          null,
          0,
          null,
          null,
          1,
          null,
          1,
          24,
          null,
          null
        ]
      },
      "/home/yhalim/RubymineProjects/projectdirectory-selt_2024_team_007/app/controllers/legal_compliance_controller.rb": {
        "lines": [
          1,
          1,
          null,
          1,
          1,
          null,
          null
        ]
      },
      "/home/yhalim/RubymineProjects/projectdirectory-selt_2024_team_007/app/models/user_store_item.rb": {
        "lines": [
          0,
          null,
          0
        ],
        "branches": {}
      },
      "/home/yhalim/RubymineProjects/projectdirectory-selt_2024_team_007/app/services/gpt_dm_service.rb": {
        "lines": [
          0,
          0,
          0,
          0,
          null,
          0,
          0,
          0,
          0,
          0,
          0,
          0,
          null,
          0,
          0,
          0,
          0,
          null,
          0,
          0,
          0,
          0,
          0,
          0,
          0,
          null,
          0,
          0,
          0,
          0,
          0,
          0
        ],
        "branches": {}
      }
    },
    "timestamp": 1734223412
  },
  "Unit Tests": {
    "coverage": {
      "/home/yhalim/RubymineProjects/projectdirectory-selt_2024_team_007/app/helpers/application_helper.rb": {
        "lines": [
          1,
          null
        ]
      },
      "/home/yhalim/RubymineProjects/projectdirectory-selt_2024_team_007/app/helpers/legal_compliance_helper.rb": {
        "lines": [
          1,
          null
        ]
      },
      "/home/yhalim/RubymineProjects/projectdirectory-selt_2024_team_007/app/helpers/orders_helper.rb": {
        "lines": [
          null,
          1,
          null,
          1,
          null,
          20,
          null,
          null,
          null,
          null,
          null,
          null,
          null,
          null,
          null,
          null,
          null,
          null,
          null,
          null,
          null,
          null,
          null,
          null,
          null,
          null,
          null,
          20,
          null,
          null
        ]
      },
      "/home/yhalim/RubymineProjects/projectdirectory-selt_2024_team_007/app/helpers/store_items_helper.rb": {
        "lines": [
          1,
          1,
          0,
          0,
          0,
          null,
          null
        ]
      },
      "/home/yhalim/RubymineProjects/projectdirectory-selt_2024_team_007/app/channels/application_cable/channel.rb": {
        "lines": [
          0,
          0,
          0,
          0
        ],
        "branches": {}
      },
      "/home/yhalim/RubymineProjects/projectdirectory-selt_2024_team_007/app/channels/application_cable/connection.rb": {
        "lines": [
          0,
          0,
          0,
          0
        ],
        "branches": {}
      },
      "/home/yhalim/RubymineProjects/projectdirectory-selt_2024_team_007/app/channels/chat_channel.rb": {
        "lines": [
          0,
          0,
          0,
          0,
          0,
          0,
          0,
          0,
          0,
          0,
          null,
          0,
          null,
          0,
          0
        ],
        "branches": {}
      },
      "/home/yhalim/RubymineProjects/projectdirectory-selt_2024_team_007/app/channels/presence_channel.rb": {
        "lines": [
          0,
          0,
          0,
          0,
          0,
          0,
          0,
          null,
          null,
          0,
          0,
          null,
          null,
          0,
          0,
          0,
          0,
          0,
          0,
          null,
          null,
          0,
          0,
          0,
          0,
          0,
          0,
          0,
          0,
          0,
          0,
          0,
          null,
          0,
          0,
          0,
          null,
          0,
          0,
          0,
          0,
          0,
          0,
          0,
          0
        ],
        "branches": {}
      },
      "/home/yhalim/RubymineProjects/projectdirectory-selt_2024_team_007/app/controllers/application_controller.rb": {
        "lines": [
          0,
          null,
          0,
          null,
          0,
          0,
          0,
          null,
          0,
          0,
          0,
          null,
          0,
          0,
          null,
          0,
          0,
          0,
          null,
          0,
          0,
          0,
          null,
          0,
          0,
          0,
          null,
          0,
          0,
          null,
          0,
          0,
          0,
          0,
          0,
          0,
          0,
          0,
          0,
          0,
          0,
          0
        ],
        "branches": {}
      },
      "/home/yhalim/RubymineProjects/projectdirectory-selt_2024_team_007/app/controllers/friends_controller.rb": {
        "lines": [
          0,
          0,
          0,
          null,
          0,
          0,
          0,
          0,
          0,
          null,
          0,
          0,
          null,
          null,
          0,
          0,
          0,
          0,
          0,
          null,
          null,
          0,
          0,
          0,
          0,
          0,
          null,
          null,
          0,
          0,
          0,
          0,
          0,
          null,
          null,
          0,
          0,
          0,
          0,
          0,
          null,
          0,
          0,
          null,
          null,
          0,
          0,
          0,
          0,
          0,
          0,
          0,
          0,
          0,
          null,
          null,
          0,
          0,
          0,
          0,
          0,
          0,
          0,
          0,
          0,
          null,
          0,
          0,
          0,
          0,
          0,
          0,
          0,
          0,
          0,
          null,
          0,
          0,
          0,
          null,
          0,
          0,
          0,
          0,
          0,
          null,
          0,
          0,
          null,
          0,
          null,
          0,
          0,
          0,
          0
        ],
        "branches": {}
      },
      "/home/yhalim/RubymineProjects/projectdirectory-selt_2024_team_007/app/controllers/games_controller.rb": {
        "lines": [
          null,
          0,
          0,
          0,
          0,
          null,
          null,
          0,
          0,
          0,
          0,
          0,
          null,
          0,
          0,
          0,
          0,
          0,
          null,
          0,
          0,
          0,
          0,
          0,
          0,
          0,
          0,
          0,
          0,
          null,
          null,
          null,
          0,
          0,
          null,
          0,
          0,
          0,
          0,
          0,
          0,
          0,
          0,
          0,
          0,
          0,
          0,
          null,
          0,
          0,
          0,
          0,
          null,
          0,
          0,
          null,
          null,
          0,
          0,
          0,
          0,
          null,
          null,
          0,
          0,
          0,
          0,
          null,
          null,
          0,
          0,
          0,
          0,
          0,
          null,
          null,
          0,
          0,
          null,
          0,
          0,
          0,
          null,
          null,
          0,
          0,
          0,
          null,
          null,
          0,
          0,
          0,
          0,
          0,
          null,
          null,
          0,
          0,
          0,
          0,
          0,
          0,
          null,
          null,
          0,
          0,
          null,
          null,
          0,
          0,
          null,
          null,
          0,
          0,
          0,
          0,
          null,
          0,
          0,
          0,
          null,
          0,
          null,
          null,
          0,
          0,
          0,
          0,
          0,
          null,
          null,
          0,
          0,
          0,
          0,
          0,
          0,
          null,
          null,
          0,
          0,
          0,
          null,
          0,
          0,
          0,
          0,
          0,
          0,
          0
        ],
        "branches": {}
      },
      "/home/yhalim/RubymineProjects/projectdirectory-selt_2024_team_007/app/controllers/landing_controller.rb": {
        "lines": [
          0,
          0,
          0,
          0,
          0,
          0
        ],
        "branches": {}
      },
      "/home/yhalim/RubymineProjects/projectdirectory-selt_2024_team_007/app/controllers/legal_compliance_controller.rb": {
        "lines": [
          0,
          0,
          null,
          0,
          0,
          0,
          0
        ],
        "branches": {}
      },
      "/home/yhalim/RubymineProjects/projectdirectory-selt_2024_team_007/app/controllers/password_resets_controller.rb": {
        "lines": [
          0,
          0,
          0,
          0,
          0,
          null,
          null,
          0,
          0,
          null,
          null,
          0,
          0,
          0,
          0,
          0,
          0,
          null,
          0,
          0,
          0,
          0,
          0,
          0,
          0,
          0,
          0,
          0,
          0,
          0,
          0,
          0,
          null,
          null,
          0,
          0,
          0,
          null,
          null,
          0,
          0,
          0,
          0,
          0,
          0,
          null,
          0,
          0,
          0,
          0,
          0,
          0,
          null,
          0,
          null,
          0,
          0,
          0,
          0,
          0,
          0,
          0,
          0,
          null,
          0,
          null,
          0,
          0,
          0,
          null,
          0,
          0,
          0,
          null,
          0,
          0,
          0,
          0,
          0,
          0,
          null,
          0,
          0,
          0,
          0,
          0,
          0,
          0
        ],
        "branches": {}
      },
      "/home/yhalim/RubymineProjects/projectdirectory-selt_2024_team_007/app/controllers/sessions_controller.rb": {
        "lines": [
          0,
          0,
          0,
          null,
          0,
          null,
          0,
          0,
          0,
          null,
          0,
          0,
          0,
          0,
          0,
          0,
          null,
          0,
          0,
          0,
          0,
          0,
          0,
          0,
          0,
          0,
          0,
          0,
          0,
          null,
          0,
          0,
          0,
          0,
          0,
          0,
          null,
          0,
          0,
          0,
          null,
          0,
          0,
          0,
          0,
          0,
          0,
          0,
          0,
          0,
          0,
          0,
          0,
          0,
          0,
          0,
          null,
          0,
          null,
          0,
          0,
          null
        ],
        "branches": {}
      },
      "/home/yhalim/RubymineProjects/projectdirectory-selt_2024_team_007/app/controllers/settings_controller.rb": {
        "lines": [
          0,
          0,
          null,
          0,
          0,
          null,
          0,
          0,
          0,
          0,
          0,
          null,
          0,
          0,
          null,
          0,
          0,
          null,
          0,
          0,
          0,
          0,
          0,
          null,
          0,
          0,
          null,
          0,
          0,
          null,
          0,
          0,
          0,
          0,
          0,
          null,
          0,
          0,
          null,
          0,
          0,
          null,
          0,
          0,
          0,
          0,
          0,
          0,
          0,
          0,
          0,
          null,
          0,
          0,
          null,
          0,
          0,
          null,
          0,
          0,
          0,
          0,
          0,
          null,
          0,
          0,
          null,
          0,
          null,
          null,
          0,
          0,
          0,
          0,
          null,
          null,
          0,
          0,
          0,
          0,
          null,
          null,
          0,
          0,
          0,
          0,
          null,
          null,
          0,
          0,
          0,
          0,
          0,
          0,
          0,
          0,
          null,
          0,
          0,
          0,
          0,
          0,
          null,
          0,
          null,
          0,
          0,
          0,
          null,
          0
        ],
        "branches": {}
      },
      "/home/yhalim/RubymineProjects/projectdirectory-selt_2024_team_007/app/controllers/store_items_controller.rb": {
        "lines": [
          null,
          null,
          null,
          0,
          0,
          null,
          0,
          0,
          0,
          0,
          0,
          0,
          0,
          0,
          0,
          0,
          null,
          null,
          0,
          0,
          0,
          0,
          0,
          null,
          null,
          0,
          0,
          0,
          0,
          0,
          0,
          0,
          0,
          0,
          0,
          0,
          0,
          0,
          0,
          0,
          0,
          0,
          null,
          null,
          0,
          0,
          null,
          0,
          0,
          0,
          0,
          0,
          0,
          0,
          0,
          0,
          0,
          0,
          0,
          0,
          0,
          0,
          0,
          0,
          0,
          0,
          0,
          0,
          0,
          null,
          0,
          0,
          null,
          0,
          null,
          0,
          0,
          0,
          null,
          null,
          0,
          0,
          null,
          0,
          0,
          0,
          null,
          0,
          0,
          0,
          0,
          0,
          0,
          0,
          0,
          null,
          null,
          0,
          0,
          0,
          0,
          0,
          null
        ],
        "branches": {}
      },
      "/home/yhalim/RubymineProjects/projectdirectory-selt_2024_team_007/app/controllers/users_controller.rb": {
        "lines": [
          0,
          0,
          null,
          0,
          0,
          0,
          null,
          0,
          0,
          0,
          0,
          0,
          0,
          null,
          0,
          0,
          0,
          0,
          0,
          0,
          null,
          0,
          0,
          0,
          0,
          0,
          0,
          0,
          0,
          0,
          0,
          0,
          null,
          0,
          0,
          0,
          0,
          0,
          null,
          0,
          null,
          0,
          0,
          0,
          0
        ],
        "branches": {}
      },
      "/home/yhalim/RubymineProjects/projectdirectory-selt_2024_team_007/app/jobs/application_job.rb": {
        "lines": [
          0,
          null,
          null,
          null,
          null,
          null,
          0
        ],
        "branches": {}
      },
      "/home/yhalim/RubymineProjects/projectdirectory-selt_2024_team_007/app/mailers/application_mailer.rb": {
        "lines": [
          0,
          0,
          0,
          0
        ],
        "branches": {}
      },
      "/home/yhalim/RubymineProjects/projectdirectory-selt_2024_team_007/app/mailers/user_mailer.rb": {
        "lines": [
          0,
          0,
          null,
          0,
          0,
          0,
          0,
          0
        ],
        "branches": {}
      },
      "/home/yhalim/RubymineProjects/projectdirectory-selt_2024_team_007/app/models/application_record.rb": {
        "lines": [
          0,
          0,
          0
        ],
        "branches": {}
      },
      "/home/yhalim/RubymineProjects/projectdirectory-selt_2024_team_007/app/models/billing_method.rb": {
        "lines": [
          0,
          0,
          null,
          0,
          0,
          0,
          null,
          0,
          0,
          0,
          0,
          0,
          0,
          null,
          0,
          null,
          0,
          0,
          0,
          0,
          0,
          0
        ],
        "branches": {}
      },
      "/home/yhalim/RubymineProjects/projectdirectory-selt_2024_team_007/app/models/friendship.rb": {
        "lines": [
          0,
          0,
          0,
          null,
          0,
          null,
          null,
          0,
          0,
          0
        ],
        "branches": {}
      },
      "/home/yhalim/RubymineProjects/projectdirectory-selt_2024_team_007/app/models/game.rb": {
        "lines": [
          0,
          0,
          0,
          null,
          0,
          0,
          0,
          null,
          null,
          0,
          0,
          0,
          0,
          0,
          0,
          0,
          0,
          0,
          0,
          null,
          null,
          0,
          0,
          null,
          0,
          0,
          0,
          null,
          0,
          null,
          0,
          0,
          0,
          null,
          0,
          0,
          null,
          0,
          0,
          0,
          0,
          null,
          0,
          0,
          0,
          0,
          0,
          null,
          0,
          0,
          0,
          0,
          0,
          0,
          0,
          0,
          0,
          0,
          0,
          0,
          null,
          0,
          0,
          0,
          0
        ],
        "branches": {}
      },
      "/home/yhalim/RubymineProjects/projectdirectory-selt_2024_team_007/app/models/game_user.rb": {
        "lines": [
          0,
          0,
          0,
          0,
          null,
          null,
          0,
          0,
          null,
          0,
          null,
          0,
          0,
          0,
          0,
          0,
          0
        ],
        "branches": {}
      },
      "/home/yhalim/RubymineProjects/projectdirectory-selt_2024_team_007/app/models/order.rb": {
        "lines": [
          0,
          0,
          0
        ],
        "branches": {}
      },
      "/home/yhalim/RubymineProjects/projectdirectory-selt_2024_team_007/app/models/store_item.rb": {
        "lines": [
          0,
          null,
          null,
          0
        ],
        "branches": {}
      },
      "/home/yhalim/RubymineProjects/projectdirectory-selt_2024_team_007/app/models/tile.rb": {
        "lines": [
          0,
          0,
          0,
          null,
          null,
          0,
          0,
          0,
          0,
          0,
          0
        ],
        "branches": {}
      },
      "/home/yhalim/RubymineProjects/projectdirectory-selt_2024_team_007/app/models/user.rb": {
        "lines": [
          0,
          0,
          0,
          0,
          0,
          null,
          0,
          0,
          null,
          0,
          0,
          0,
          0,
          0,
          0,
          0,
          0,
          null,
          0,
          null,
          null,
          0,
          0,
          null,
          null,
          0,
          0,
          null,
          null,
          0,
          0,
          null,
          null,
          0,
          0,
          0,
          0,
          null,
          0,
          null,
          0,
          null,
          null,
          0,
          0,
          0,
          0,
          null,
          null,
          0,
          0,
          0,
          0,
          null,
          null,
          0,
          0,
          0,
          null,
          null,
          0,
          0,
          0,
          0,
          null,
          0,
          0,
          0,
          0,
          0,
          0,
          0,
          0,
          0,
          0,
          0,
          0,
          0,
          0,
          null,
          0,
          0,
          0,
          null,
          0,
          0,
          0,
          0,
          0,
          0,
          0,
          0,
          0,
          0,
          0,
          0,
          null,
          null,
          0,
          null,
          0,
          0,
          0,
          0,
          0,
          0,
          null,
          0,
          0,
          0,
          null,
          0,
          0,
          0,
          0,
          0,
          0,
          0,
          0,
          0,
          0,
          0,
          0,
          0,
          0,
          0,
          0,
          0,
          null,
          0,
          0,
          null,
          0,
          0,
          0,
          0,
          0
        ],
        "branches": {}
      },
      "/home/yhalim/RubymineProjects/projectdirectory-selt_2024_team_007/app/models/user_store_item.rb": {
        "lines": [
          0,
          null,
          0
        ],
        "branches": {}
      },
      "/home/yhalim/RubymineProjects/projectdirectory-selt_2024_team_007/app/services/exchange_rate_service.rb": {
        "lines": [
          0,
          0,
          null,
          null,
          null,
          null,
          null,
          null,
          null,
          null,
          null,
          null,
          null,
          null,
          null,
          null,
          null,
          null,
          null,
          null,
          null,
          null,
          null,
          0,
          0,
          null,
          0,
          0,
          null,
          0,
          0,
          0,
          null,
          0,
          0,
          0,
          0,
          0,
          0,
          0,
          0,
          0,
          0,
          0,
          0,
          0,
          0
        ],
        "branches": {}
      },
      "/home/yhalim/RubymineProjects/projectdirectory-selt_2024_team_007/app/services/gpt_dm_service.rb": {
        "lines": [
          0,
          0,
          0,
          0,
          null,
          0,
          0,
          0,
          0,
          0,
          0,
          0,
          null,
          0,
          0,
          0,
          0,
          null,
          0,
          0,
          0,
          0,
          0,
          0,
          0,
          null,
          0,
          0,
          0,
          0,
          0,
          0
        ],
        "branches": {}
      },
      "/home/yhalim/RubymineProjects/projectdirectory-selt_2024_team_007/app/services/ip_location_service.rb": {
        "lines": [
          0,
          0,
          null,
          0,
          0,
          0,
          0,
          0,
          0,
          0,
          0,
          0,
          0,
          0,
          null,
          null,
          null,
          null,
          null,
          null,
          null,
          null,
          null,
          null,
          null,
          null,
          null,
          null,
          null
        ],
        "branches": {}
      }
    },
    "timestamp": 1734215872
  }
}
